<?xml version="1.0" encoding="UTF-8"?>
<testsuite name="Academy Choucair" tests="1" skipped="0" failures="0" errors="0" timestamp="2021-02-26T04:42:33" hostname="DANIEL-PC" time="49.988">
  <properties/>
  <testcase name="Search for a automation course" classname="Academy Choucair" time="49.988"/>
  <system-out><![CDATA[]]></system-out>
  <system-err><![CDATA[[Test worker] WARN net.thucydides.core.steps.BaseStepListener - stepStarted: net.thucydides.core.steps.ExecutedStepDescription@68f257a4
[Test worker] WARN net.thucydides.core.steps.BaseStepListener - stepStarted: net.thucydides.core.steps.ExecutedStepDescription@2a6254ce
[Test worker] WARN net.thucydides.core.steps.BaseStepListener - stepStarted: net.thucydides.core.steps.ExecutedStepDescription@5b51058d
feb 25, 2021 11:42:35 PM org.openqa.selenium.remote.DesiredCapabilities chrome
INFORMACIÓN: Using `new ChromeOptions()` is preferred to `DesiredCapabilities.chrome()`
[Test worker] INFO net.serenitybdd.core.webdriver.driverproviders.ProvideNewDriver - Instantiating driver
[Test worker] INFO net.serenitybdd.core.webdriver.driverproviders.ProvideNewDriver - Driver capabilities: Capabilities {acceptInsecureCerts: false, browserName: chrome, chrome.switches: --start-maximized, goog:chromeOptions: {args: [--start-maximized], extensions: []}, loggingPrefs: org.openqa.selenium.logging..., platform: ANY, version: }
Starting ChromeDriver 88.0.4324.96 (68dba2d8a0b149a1d3afac56fa74648032bcf46b-refs/branch-heads/4324@{#1784}) on port 16577
Only local connections are allowed.
Please see https://chromedriver.chromium.org/security-considerations for suggestions on keeping ChromeDriver safe.
ChromeDriver was started successfully.
feb 25, 2021 11:42:41 PM org.openqa.selenium.remote.ProtocolHandshake createSession
INFORMACIÓN: Detected dialect: W3C
[Test worker] WARN net.thucydides.core.steps.BaseStepListener - stepFinished: current outcome:Search for a automation course:Example: {strUser=1057594542, strPassword=Choucair2021*, strCourse=Metodología Bancolombia} [Given than Daniel want to learn automation at the Academy choucair
| strUser | strPassword |
| 1057594542 | Choucair2021* | [Daniel open up [Daniel opens the Choucair academy page]]]
[Test worker] WARN net.thucydides.core.steps.BaseStepListener - stepFinished: current outcome:Search for a automation course:Example: {strUser=1057594542, strPassword=Choucair2021*, strCourse=Metodología Bancolombia} [Given than Daniel want to learn automation at the Academy choucair
| strUser | strPassword |
| 1057594542 | Choucair2021* | [Daniel open up [Daniel opens the Choucair academy page]]]
[Test worker] WARN net.thucydides.core.steps.BaseStepListener - stepStarted: net.thucydides.core.steps.ExecutedStepDescription@66fc833d
[Test worker] WARN net.thucydides.core.steps.BaseStepListener - stepStarted: net.thucydides.core.steps.ExecutedStepDescription@5ad3415
[Test worker] WARN net.thucydides.core.steps.BaseStepListener - stepFinished: current outcome:Search for a automation course:Example: {strUser=1057594542, strPassword=Choucair2021*, strCourse=Metodología Bancolombia} [Given than Daniel want to learn automation at the Academy choucair
| strUser | strPassword |
| 1057594542 | Choucair2021* | [Daniel open up [Daniel opens the Choucair academy page], Daniel login [Daniel clicks on button that show us the form to login]]]
[Test worker] WARN net.thucydides.core.steps.BaseStepListener - stepStarted: net.thucydides.core.steps.ExecutedStepDescription@5d4459d4
[Test worker] WARN net.thucydides.core.steps.BaseStepListener - stepFinished: current outcome:Search for a automation course:Example: {strUser=1057594542, strPassword=Choucair2021*, strCourse=Metodología Bancolombia} [Given than Daniel want to learn automation at the Academy choucair
| strUser | strPassword |
| 1057594542 | Choucair2021* | [Daniel open up [Daniel opens the Choucair academy page], Daniel login [Daniel clicks on button that show us the form to login, Daniel enters '1057594542' into Where do we write the user]]]
[Test worker] WARN net.thucydides.core.steps.BaseStepListener - stepStarted: net.thucydides.core.steps.ExecutedStepDescription@4766d09f
[Test worker] WARN net.thucydides.core.steps.BaseStepListener - stepFinished: current outcome:Search for a automation course:Example: {strUser=1057594542, strPassword=Choucair2021*, strCourse=Metodología Bancolombia} [Given than Daniel want to learn automation at the Academy choucair
| strUser | strPassword |
| 1057594542 | Choucair2021* | [Daniel open up [Daniel opens the Choucair academy page], Daniel login [Daniel clicks on button that show us the form to login, Daniel enters '1057594542' into Where do we write the user, Daniel enters 'Choucair2021*' into Where do we write the password]]]
[Test worker] WARN net.thucydides.core.steps.BaseStepListener - stepStarted: net.thucydides.core.steps.ExecutedStepDescription@64a444e0
[Test worker] WARN net.thucydides.core.steps.BaseStepListener - stepFinished: current outcome:Search for a automation course:Example: {strUser=1057594542, strPassword=Choucair2021*, strCourse=Metodología Bancolombia} [Given than Daniel want to learn automation at the Academy choucair
| strUser | strPassword |
| 1057594542 | Choucair2021* | [Daniel open up [Daniel opens the Choucair academy page], Daniel login [Daniel clicks on button that show us the form to login, Daniel enters '1057594542' into Where do we write the user, Daniel enters 'Choucair2021*' into Where do we write the password, Daniel clicks on button to confirm login]]]
[Test worker] WARN net.thucydides.core.steps.BaseStepListener - stepFinished: current outcome:Search for a automation course:Example: {strUser=1057594542, strPassword=Choucair2021*, strCourse=Metodología Bancolombia} [Given than Daniel want to learn automation at the Academy choucair
| strUser | strPassword |
| 1057594542 | Choucair2021* | [Daniel open up [Daniel opens the Choucair academy page], Daniel login [Daniel clicks on button that show us the form to login, Daniel enters '1057594542' into Where do we write the user, Daniel enters 'Choucair2021*' into Where do we write the password, Daniel clicks on button to confirm login]]]
[Test worker] WARN net.thucydides.core.steps.BaseStepListener - stepFinished: current outcome:Search for a automation course:Example: {strUser=1057594542, strPassword=Choucair2021*, strCourse=Metodología Bancolombia} [Given than Daniel want to learn automation at the Academy choucair
| strUser | strPassword |
| 1057594542 | Choucair2021* | [Daniel open up [Daniel opens the Choucair academy page], Daniel login [Daniel clicks on button that show us the form to login, Daniel enters '1057594542' into Where do we write the user, Daniel enters 'Choucair2021*' into Where do we write the password, Daniel clicks on button to confirm login]]]
[Test worker] WARN net.thucydides.core.steps.BaseStepListener - stepStarted: net.thucydides.core.steps.ExecutedStepDescription@7ced5a0a
[Test worker] WARN net.thucydides.core.steps.BaseStepListener - stepStarted: net.thucydides.core.steps.ExecutedStepDescription@19d571a1
[Test worker] WARN net.thucydides.core.steps.BaseStepListener - stepStarted: net.thucydides.core.steps.ExecutedStepDescription@3b7a874a
[Test worker] WARN net.thucydides.core.steps.BaseStepListener - stepFinished: current outcome:Search for a automation course:Example: {strUser=1057594542, strPassword=Choucair2021*, strCourse=Metodología Bancolombia} [Given than Daniel want to learn automation at the Academy choucair
| strUser | strPassword |
| 1057594542 | Choucair2021* | [Daniel open up [Daniel opens the Choucair academy page], Daniel login [Daniel clicks on button that show us the form to login, Daniel enters '1057594542' into Where do we write the user, Daniel enters 'Choucair2021*' into Where do we write the password, Daniel clicks on button to confirm login]], When he search for the course on the Choucair Academy platform
| strCourse |
| Metodología Bancolombia | [Daniel search [Daniel clicks on Selecciona cursos y certificaciones]]]
[Test worker] WARN net.thucydides.core.steps.BaseStepListener - stepStarted: net.thucydides.core.steps.ExecutedStepDescription@398a2ef
[Test worker] WARN net.thucydides.core.steps.BaseStepListener - stepFinished: current outcome:Search for a automation course:Example: {strUser=1057594542, strPassword=Choucair2021*, strCourse=Metodología Bancolombia} [Given than Daniel want to learn automation at the Academy choucair
| strUser | strPassword |
| 1057594542 | Choucair2021* | [Daniel open up [Daniel opens the Choucair academy page], Daniel login [Daniel clicks on button that show us the form to login, Daniel enters '1057594542' into Where do we write the user, Daniel enters 'Choucair2021*' into Where do we write the password, Daniel clicks on button to confirm login]], When he search for the course on the Choucair Academy platform
| strCourse |
| Metodología Bancolombia | [Daniel search [Daniel clicks on Selecciona cursos y certificaciones, Daniel enters 'Metodología Bancolombia' into Buscar el curso]]]
[Test worker] WARN net.thucydides.core.steps.BaseStepListener - stepStarted: net.thucydides.core.steps.ExecutedStepDescription@3332713d
[Test worker] WARN net.thucydides.core.steps.BaseStepListener - stepFinished: current outcome:Search for a automation course:Example: {strUser=1057594542, strPassword=Choucair2021*, strCourse=Metodología Bancolombia} [Given than Daniel want to learn automation at the Academy choucair
| strUser | strPassword |
| 1057594542 | Choucair2021* | [Daniel open up [Daniel opens the Choucair academy page], Daniel login [Daniel clicks on button that show us the form to login, Daniel enters '1057594542' into Where do we write the user, Daniel enters 'Choucair2021*' into Where do we write the password, Daniel clicks on button to confirm login]], When he search for the course on the Choucair Academy platform
| strCourse |
| Metodología Bancolombia | [Daniel search [Daniel clicks on Selecciona cursos y certificaciones, Daniel enters 'Metodología Bancolombia' into Buscar el curso, Daniel clicks on Da click para buscar el curso]]]
[Test worker] WARN net.thucydides.core.steps.BaseStepListener - stepStarted: net.thucydides.core.steps.ExecutedStepDescription@16aaf06a
[Test worker] WARN net.thucydides.core.steps.BaseStepListener - stepFinished: current outcome:Search for a automation course:Example: {strUser=1057594542, strPassword=Choucair2021*, strCourse=Metodología Bancolombia} [Given than Daniel want to learn automation at the Academy choucair
| strUser | strPassword |
| 1057594542 | Choucair2021* | [Daniel open up [Daniel opens the Choucair academy page], Daniel login [Daniel clicks on button that show us the form to login, Daniel enters '1057594542' into Where do we write the user, Daniel enters 'Choucair2021*' into Where do we write the password, Daniel clicks on button to confirm login]], When he search for the course on the Choucair Academy platform
| strCourse |
| Metodología Bancolombia | [Daniel search [Daniel clicks on Selecciona cursos y certificaciones, Daniel enters 'Metodología Bancolombia' into Buscar el curso, Daniel clicks on Da click para buscar el curso, Daniel clicks on Da click para seleccionar el curso]]]
[Test worker] WARN net.thucydides.core.steps.BaseStepListener - stepFinished: current outcome:Search for a automation course:Example: {strUser=1057594542, strPassword=Choucair2021*, strCourse=Metodología Bancolombia} [Given than Daniel want to learn automation at the Academy choucair
| strUser | strPassword |
| 1057594542 | Choucair2021* | [Daniel open up [Daniel opens the Choucair academy page], Daniel login [Daniel clicks on button that show us the form to login, Daniel enters '1057594542' into Where do we write the user, Daniel enters 'Choucair2021*' into Where do we write the password, Daniel clicks on button to confirm login]], When he search for the course on the Choucair Academy platform
| strCourse |
| Metodología Bancolombia | [Daniel search [Daniel clicks on Selecciona cursos y certificaciones, Daniel enters 'Metodología Bancolombia' into Buscar el curso, Daniel clicks on Da click para buscar el curso, Daniel clicks on Da click para seleccionar el curso]]]
[Test worker] WARN net.thucydides.core.steps.BaseStepListener - stepFinished: current outcome:Search for a automation course:Example: {strUser=1057594542, strPassword=Choucair2021*, strCourse=Metodología Bancolombia} [Given than Daniel want to learn automation at the Academy choucair
| strUser | strPassword |
| 1057594542 | Choucair2021* | [Daniel open up [Daniel opens the Choucair academy page], Daniel login [Daniel clicks on button that show us the form to login, Daniel enters '1057594542' into Where do we write the user, Daniel enters 'Choucair2021*' into Where do we write the password, Daniel clicks on button to confirm login]], When he search for the course on the Choucair Academy platform
| strCourse |
| Metodología Bancolombia | [Daniel search [Daniel clicks on Selecciona cursos y certificaciones, Daniel enters 'Metodología Bancolombia' into Buscar el curso, Daniel clicks on Da click para buscar el curso, Daniel clicks on Da click para seleccionar el curso]]]
[Test worker] WARN net.thucydides.core.steps.BaseStepListener - stepStarted: net.thucydides.core.steps.ExecutedStepDescription@ff8dd4e
[Test worker] WARN net.thucydides.core.steps.BaseStepListener - stepStarted: net.thucydides.core.steps.ExecutedStepDescription@6ce0aac1
[Test worker] WARN net.thucydides.core.steps.BaseStepListener - stepFinished: current outcome:Search for a automation course:Example: {strUser=1057594542, strPassword=Choucair2021*, strCourse=Metodología Bancolombia} [Given than Daniel want to learn automation at the Academy choucair
| strUser | strPassword |
| 1057594542 | Choucair2021* | [Daniel open up [Daniel opens the Choucair academy page], Daniel login [Daniel clicks on button that show us the form to login, Daniel enters '1057594542' into Where do we write the user, Daniel enters 'Choucair2021*' into Where do we write the password, Daniel clicks on button to confirm login]], When he search for the course on the Choucair Academy platform
| strCourse |
| Metodología Bancolombia | [Daniel search [Daniel clicks on Selecciona cursos y certificaciones, Daniel enters 'Metodología Bancolombia' into Buscar el curso, Daniel clicks on Da click para buscar el curso, Daniel clicks on Da click para seleccionar el curso]], Then he finds the course called
| strCourse |
| Metodología Bancolombia | [Then answer]]
[Test worker] WARN net.thucydides.core.steps.BaseStepListener - stepFinished: current outcome:Search for a automation course:Example: {strUser=1057594542, strPassword=Choucair2021*, strCourse=Metodología Bancolombia} [Given than Daniel want to learn automation at the Academy choucair
| strUser | strPassword |
| 1057594542 | Choucair2021* | [Daniel open up [Daniel opens the Choucair academy page], Daniel login [Daniel clicks on button that show us the form to login, Daniel enters '1057594542' into Where do we write the user, Daniel enters 'Choucair2021*' into Where do we write the password, Daniel clicks on button to confirm login]], When he search for the course on the Choucair Academy platform
| strCourse |
| Metodología Bancolombia | [Daniel search [Daniel clicks on Selecciona cursos y certificaciones, Daniel enters 'Metodología Bancolombia' into Buscar el curso, Daniel clicks on Da click para buscar el curso, Daniel clicks on Da click para seleccionar el curso]], Then he finds the course called
| strCourse |
| Metodología Bancolombia | [Then answer]]
[Test worker] WARN net.thucydides.core.steps.BaseStepListener - stepFinished: current outcome:Search for a automation course:Example: {strUser=1057594542, strPassword=Choucair2021*, strCourse=Metodología Bancolombia} [Given than Daniel want to learn automation at the Academy choucair
| strUser | strPassword |
| 1057594542 | Choucair2021* | [Daniel open up [Daniel opens the Choucair academy page], Daniel login [Daniel clicks on button that show us the form to login, Daniel enters '1057594542' into Where do we write the user, Daniel enters 'Choucair2021*' into Where do we write the password, Daniel clicks on button to confirm login]], When he search for the course on the Choucair Academy platform
| strCourse |
| Metodología Bancolombia | [Daniel search [Daniel clicks on Selecciona cursos y certificaciones, Daniel enters 'Metodología Bancolombia' into Buscar el curso, Daniel clicks on Da click para buscar el curso, Daniel clicks on Da click para seleccionar el curso]], Then he finds the course called
| strCourse |
| Metodología Bancolombia | [Then answer]]
[Test worker] WARN net.thucydides.core.steps.BaseStepListener - testFinished: Search for a automation course:Example: {strUser=1057594542, strPassword=Choucair2021*, strCourse=Metodología Bancolombia} [Given than Daniel want to learn automation at the Academy choucair
| strUser | strPassword |
| 1057594542 | Choucair2021* | [Daniel open up [Daniel opens the Choucair academy page], Daniel login [Daniel clicks on button that show us the form to login, Daniel enters '1057594542' into Where do we write the user, Daniel enters 'Choucair2021*' into Where do we write the password, Daniel clicks on button to confirm login]], When he search for the course on the Choucair Academy platform
| strCourse |
| Metodología Bancolombia | [Daniel search [Daniel clicks on Selecciona cursos y certificaciones, Daniel enters 'Metodología Bancolombia' into Buscar el curso, Daniel clicks on Da click para buscar el curso, Daniel clicks on Da click para seleccionar el curso]], Then he finds the course called
| strCourse |
| Metodología Bancolombia | [Then answer]]
[Test worker] WARN net.thucydides.core.steps.BaseStepListener - TestOutcomes: [Search for a automation course:Example: {strUser=1057594542, strPassword=Choucair2021*, strCourse=Metodología Bancolombia} [Given than Daniel want to learn automation at the Academy choucair
| strUser | strPassword |
| 1057594542 | Choucair2021* | [Daniel open up [Daniel opens the Choucair academy page], Daniel login [Daniel clicks on button that show us the form to login, Daniel enters '1057594542' into Where do we write the user, Daniel enters 'Choucair2021*' into Where do we write the password, Daniel clicks on button to confirm login]], When he search for the course on the Choucair Academy platform
| strCourse |
| Metodología Bancolombia | [Daniel search [Daniel clicks on Selecciona cursos y certificaciones, Daniel enters 'Metodología Bancolombia' into Buscar el curso, Daniel clicks on Da click para buscar el curso, Daniel clicks on Da click para seleccionar el curso]], Then he finds the course called
| strCourse |
| Metodología Bancolombia | [Then answer]]]
[Test worker] WARN net.thucydides.core.steps.BaseStepListener - Final testOutcomes: [Search for a automation course:Example: {strUser=1057594542, strPassword=Choucair2021*, strCourse=Metodología Bancolombia} [Given than Daniel want to learn automation at the Academy choucair
| strUser | strPassword |
| 1057594542 | Choucair2021* | [Daniel open up [Daniel opens the Choucair academy page], Daniel login [Daniel clicks on button that show us the form to login, Daniel enters '1057594542' into Where do we write the user, Daniel enters 'Choucair2021*' into Where do we write the password, Daniel clicks on button to confirm login]], When he search for the course on the Choucair Academy platform
| strCourse |
| Metodología Bancolombia | [Daniel search [Daniel clicks on Selecciona cursos y certificaciones, Daniel enters 'Metodología Bancolombia' into Buscar el curso, Daniel clicks on Da click para buscar el curso, Daniel clicks on Da click para seleccionar el curso]], Then he finds the course called
| strCourse |
| Metodología Bancolombia | [Then answer]]]
[Test worker] INFO net.thucydides.core.steps.ConsoleLoggingListener - 
        __    _____ _____ ____ _____   ____   _    ____  ____  _____ ____  
  _     \ \  |_   _| ____/ ___|_   _| |  _ \ / \  / ___|/ ___|| ____|  _ \ 
 (_)_____| |   | | |  _| \___ \ | |   | |_) / _ \ \___ \\___ \|  _| | | | |
  _|_____| |   | | | |___ ___) || |   |  __/ ___ \ ___) |___) | |___| |_| |
 (_)     | |   |_| |_____|____/ |_|   |_| /_/   \_\____/|____/|_____|____/ 
        /_/                                                                

TEST PASSED: Search for a automation course
----------------------------------------------------------------------------
]]></system-err>
</testsuite>
